2025-01-14 19:19:46,026 - INFO - Starting run 1
2025-01-14 19:19:46,180 - INFO - Using device: cuda
2025-01-14 19:19:50,599 - INFO - Run 1, Epoch 1/50, Train Loss: 0.0301
2025-01-14 19:19:52,695 - INFO - Run 1, Epoch 2/50, Train Loss: 0.0167
2025-01-14 19:19:54,846 - INFO - Run 1, Epoch 3/50, Train Loss: 0.0146
2025-01-14 19:19:57,020 - INFO - Run 1, Epoch 4/50, Train Loss: 0.0131
2025-01-14 19:19:59,209 - INFO - Run 1, Epoch 5/50, Train Loss: 0.0121
2025-01-14 19:20:01,331 - INFO - Run 1, Epoch 6/50, Train Loss: 0.0112
2025-01-14 19:20:03,502 - INFO - Run 1, Epoch 7/50, Train Loss: 0.0104
2025-01-14 19:20:05,658 - INFO - Run 1, Epoch 8/50, Train Loss: 0.0098
2025-01-14 19:20:07,840 - INFO - Run 1, Epoch 9/50, Train Loss: 0.0095
2025-01-14 19:20:09,918 - INFO - Run 1, Epoch 10/50, Train Loss: 0.0091
2025-01-14 19:20:12,053 - INFO - Run 1, Epoch 11/50, Train Loss: 0.0088
2025-01-14 19:20:14,189 - INFO - Run 1, Epoch 12/50, Train Loss: 0.0086
2025-01-14 19:20:16,351 - INFO - Run 1, Epoch 13/50, Train Loss: 0.0086
2025-01-14 19:20:18,468 - INFO - Run 1, Epoch 14/50, Train Loss: 0.0082
2025-01-14 19:20:20,649 - INFO - Run 1, Epoch 15/50, Train Loss: 0.0081
2025-01-14 19:20:22,759 - INFO - Run 1, Epoch 16/50, Train Loss: 0.0079
2025-01-14 19:20:24,851 - INFO - Run 1, Epoch 17/50, Train Loss: 0.0078
2025-01-14 19:20:26,982 - INFO - Run 1, Epoch 18/50, Train Loss: 0.0078
2025-01-14 19:20:29,096 - INFO - Run 1, Epoch 19/50, Train Loss: 0.0077
2025-01-14 19:20:31,216 - INFO - Run 1, Epoch 20/50, Train Loss: 0.0076
2025-01-14 19:20:33,392 - INFO - Run 1, Epoch 21/50, Train Loss: 0.0075
2025-01-14 19:20:35,526 - INFO - Run 1, Epoch 22/50, Train Loss: 0.0074
2025-01-14 19:20:37,634 - INFO - Run 1, Epoch 23/50, Train Loss: 0.0073
2025-01-14 19:20:39,716 - INFO - Run 1, Epoch 24/50, Train Loss: 0.0072
2025-01-14 19:20:41,856 - INFO - Run 1, Epoch 25/50, Train Loss: 0.0072
2025-01-14 19:20:43,971 - INFO - Run 1, Epoch 26/50, Train Loss: 0.0071
2025-01-14 19:20:46,098 - INFO - Run 1, Epoch 27/50, Train Loss: 0.0070
2025-01-14 19:20:48,295 - INFO - Run 1, Epoch 28/50, Train Loss: 0.0069
2025-01-14 19:20:50,393 - INFO - Run 1, Epoch 29/50, Train Loss: 0.0069
2025-01-14 19:20:52,527 - INFO - Run 1, Epoch 30/50, Train Loss: 0.0068
2025-01-14 19:20:54,609 - INFO - Run 1, Epoch 31/50, Train Loss: 0.0068
2025-01-14 19:20:56,705 - INFO - Run 1, Epoch 32/50, Train Loss: 0.0068
2025-01-14 19:20:58,795 - INFO - Run 1, Epoch 33/50, Train Loss: 0.0066
2025-01-14 19:21:00,866 - INFO - Run 1, Epoch 34/50, Train Loss: 0.0066
2025-01-14 19:21:03,045 - INFO - Run 1, Epoch 35/50, Train Loss: 0.0065
2025-01-14 19:21:05,187 - INFO - Run 1, Epoch 36/50, Train Loss: 0.0065
2025-01-14 19:21:07,369 - INFO - Run 1, Epoch 37/50, Train Loss: 0.0064
2025-01-14 19:21:09,591 - INFO - Run 1, Epoch 38/50, Train Loss: 0.0064
2025-01-14 19:21:11,759 - INFO - Run 1, Epoch 39/50, Train Loss: 0.0064
2025-01-14 19:21:13,844 - INFO - Run 1, Epoch 40/50, Train Loss: 0.0063
2025-01-14 19:21:15,971 - INFO - Run 1, Epoch 41/50, Train Loss: 0.0063
2025-01-14 19:21:18,065 - INFO - Run 1, Epoch 42/50, Train Loss: 0.0062
2025-01-14 19:21:20,141 - INFO - Run 1, Epoch 43/50, Train Loss: 0.0062
2025-01-14 19:21:22,196 - INFO - Run 1, Epoch 44/50, Train Loss: 0.0061
2025-01-14 19:21:24,251 - INFO - Run 1, Epoch 45/50, Train Loss: 0.0061
2025-01-14 19:21:26,334 - INFO - Run 1, Epoch 46/50, Train Loss: 0.0061
2025-01-14 19:21:28,444 - INFO - Run 1, Epoch 47/50, Train Loss: 0.0061
2025-01-14 19:21:30,852 - INFO - Run 1, Epoch 48/50, Train Loss: 0.0060
2025-01-14 19:21:33,196 - INFO - Run 1, Epoch 49/50, Train Loss: 0.0060
2025-01-14 19:21:35,486 - INFO - Run 1, Epoch 50/50, Train Loss: 0.0059
2025-01-14 19:21:35,577 - INFO - Run 1, Test MSE: 0.0274, Test MAE: 0.1134
2025-01-14 19:21:35,577 - INFO - Starting run 2
2025-01-14 19:21:35,697 - INFO - Using device: cuda
2025-01-14 19:21:38,001 - INFO - Run 2, Epoch 1/50, Train Loss: 0.0293
2025-01-14 19:21:40,446 - INFO - Run 2, Epoch 2/50, Train Loss: 0.0160
2025-01-14 19:21:43,259 - INFO - Run 2, Epoch 3/50, Train Loss: 0.0141
2025-01-14 19:21:45,967 - INFO - Run 2, Epoch 4/50, Train Loss: 0.0129
2025-01-14 19:21:48,460 - INFO - Run 2, Epoch 5/50, Train Loss: 0.0118
2025-01-14 19:21:50,940 - INFO - Run 2, Epoch 6/50, Train Loss: 0.0109
2025-01-14 19:21:53,581 - INFO - Run 2, Epoch 7/50, Train Loss: 0.0104
2025-01-14 19:21:56,015 - INFO - Run 2, Epoch 8/50, Train Loss: 0.0098
2025-01-14 19:21:58,455 - INFO - Run 2, Epoch 9/50, Train Loss: 0.0095
2025-01-14 19:22:00,982 - INFO - Run 2, Epoch 10/50, Train Loss: 0.0092
2025-01-14 19:22:03,509 - INFO - Run 2, Epoch 11/50, Train Loss: 0.0088
2025-01-14 19:22:06,245 - INFO - Run 2, Epoch 12/50, Train Loss: 0.0087
2025-01-14 19:22:09,098 - INFO - Run 2, Epoch 13/50, Train Loss: 0.0084
2025-01-14 19:22:12,163 - INFO - Run 2, Epoch 14/50, Train Loss: 0.0083
2025-01-14 19:22:14,803 - INFO - Run 2, Epoch 15/50, Train Loss: 0.0082
2025-01-14 19:22:17,178 - INFO - Run 2, Epoch 16/50, Train Loss: 0.0080
2025-01-14 19:22:19,477 - INFO - Run 2, Epoch 17/50, Train Loss: 0.0080
2025-01-14 19:22:21,729 - INFO - Run 2, Epoch 18/50, Train Loss: 0.0078
2025-01-14 19:22:24,028 - INFO - Run 2, Epoch 19/50, Train Loss: 0.0077
2025-01-14 19:22:26,312 - INFO - Run 2, Epoch 20/50, Train Loss: 0.0076
2025-01-14 19:22:28,647 - INFO - Run 2, Epoch 21/50, Train Loss: 0.0075
2025-01-14 19:22:31,201 - INFO - Run 2, Epoch 22/50, Train Loss: 0.0075
2025-01-14 19:22:33,660 - INFO - Run 2, Epoch 23/50, Train Loss: 0.0073
2025-01-14 19:22:36,384 - INFO - Run 2, Epoch 24/50, Train Loss: 0.0072
2025-01-14 19:22:38,967 - INFO - Run 2, Epoch 25/50, Train Loss: 0.0072
2025-01-14 19:22:41,727 - INFO - Run 2, Epoch 26/50, Train Loss: 0.0071
2025-01-14 19:22:44,286 - INFO - Run 2, Epoch 27/50, Train Loss: 0.0070
2025-01-14 19:22:46,749 - INFO - Run 2, Epoch 28/50, Train Loss: 0.0070
2025-01-14 19:22:49,362 - INFO - Run 2, Epoch 29/50, Train Loss: 0.0069
2025-01-14 19:22:52,016 - INFO - Run 2, Epoch 30/50, Train Loss: 0.0069
2025-01-14 19:22:54,879 - INFO - Run 2, Epoch 31/50, Train Loss: 0.0068
2025-01-14 19:22:57,511 - INFO - Run 2, Epoch 32/50, Train Loss: 0.0066
2025-01-14 19:23:00,421 - INFO - Run 2, Epoch 33/50, Train Loss: 0.0067
2025-01-14 19:23:03,180 - INFO - Run 2, Epoch 34/50, Train Loss: 0.0065
2025-01-14 19:23:05,922 - INFO - Run 2, Epoch 35/50, Train Loss: 0.0065
2025-01-14 19:23:08,607 - INFO - Run 2, Epoch 36/50, Train Loss: 0.0065
2025-01-14 19:23:11,208 - INFO - Run 2, Epoch 37/50, Train Loss: 0.0063
2025-01-14 19:23:13,780 - INFO - Run 2, Epoch 38/50, Train Loss: 0.0063
2025-01-14 19:23:16,366 - INFO - Run 2, Epoch 39/50, Train Loss: 0.0063
2025-01-14 19:23:19,106 - INFO - Run 2, Epoch 40/50, Train Loss: 0.0062
2025-01-14 19:23:21,806 - INFO - Run 2, Epoch 41/50, Train Loss: 0.0062
2025-01-14 19:23:24,450 - INFO - Run 2, Epoch 42/50, Train Loss: 0.0061
2025-01-14 19:23:27,125 - INFO - Run 2, Epoch 43/50, Train Loss: 0.0061
2025-01-14 19:23:29,769 - INFO - Run 2, Epoch 44/50, Train Loss: 0.0060
2025-01-14 19:23:32,569 - INFO - Run 2, Epoch 45/50, Train Loss: 0.0060
2025-01-14 19:23:35,384 - INFO - Run 2, Epoch 46/50, Train Loss: 0.0059
2025-01-14 19:23:38,070 - INFO - Run 2, Epoch 47/50, Train Loss: 0.0059
2025-01-14 19:23:40,727 - INFO - Run 2, Epoch 48/50, Train Loss: 0.0059
2025-01-14 19:23:43,471 - INFO - Run 2, Epoch 49/50, Train Loss: 0.0058
2025-01-14 19:23:46,266 - INFO - Run 2, Epoch 50/50, Train Loss: 0.0058
2025-01-14 19:23:46,382 - INFO - Run 2, Test MSE: 0.0305, Test MAE: 0.1178
2025-01-14 19:23:46,382 - INFO - Starting run 3
2025-01-14 19:23:46,469 - INFO - Using device: cuda
2025-01-14 19:23:49,324 - INFO - Run 3, Epoch 1/50, Train Loss: 0.0289
2025-01-14 19:23:52,110 - INFO - Run 3, Epoch 2/50, Train Loss: 0.0168
2025-01-14 19:23:54,811 - INFO - Run 3, Epoch 3/50, Train Loss: 0.0149
2025-01-14 19:23:57,573 - INFO - Run 3, Epoch 4/50, Train Loss: 0.0137
2025-01-14 19:24:00,322 - INFO - Run 3, Epoch 5/50, Train Loss: 0.0126
2025-01-14 19:24:03,153 - INFO - Run 3, Epoch 6/50, Train Loss: 0.0115
2025-01-14 19:24:06,045 - INFO - Run 3, Epoch 7/50, Train Loss: 0.0108
2025-01-14 19:24:08,763 - INFO - Run 3, Epoch 8/50, Train Loss: 0.0101
2025-01-14 19:24:11,440 - INFO - Run 3, Epoch 9/50, Train Loss: 0.0097
2025-01-14 19:24:14,125 - INFO - Run 3, Epoch 10/50, Train Loss: 0.0093
2025-01-14 19:24:16,932 - INFO - Run 3, Epoch 11/50, Train Loss: 0.0091
2025-01-14 19:24:19,784 - INFO - Run 3, Epoch 12/50, Train Loss: 0.0088
2025-01-14 19:24:22,571 - INFO - Run 3, Epoch 13/50, Train Loss: 0.0086
2025-01-14 19:24:25,249 - INFO - Run 3, Epoch 14/50, Train Loss: 0.0085
2025-01-14 19:24:27,654 - INFO - Run 3, Epoch 15/50, Train Loss: 0.0082
2025-01-14 19:24:30,104 - INFO - Run 3, Epoch 16/50, Train Loss: 0.0081
2025-01-14 19:24:32,566 - INFO - Run 3, Epoch 17/50, Train Loss: 0.0079
2025-01-14 19:24:35,285 - INFO - Run 3, Epoch 18/50, Train Loss: 0.0078
2025-01-14 19:24:37,944 - INFO - Run 3, Epoch 19/50, Train Loss: 0.0077
2025-01-14 19:24:40,640 - INFO - Run 3, Epoch 20/50, Train Loss: 0.0075
2025-01-14 19:24:43,394 - INFO - Run 3, Epoch 21/50, Train Loss: 0.0074
2025-01-14 19:24:46,086 - INFO - Run 3, Epoch 22/50, Train Loss: 0.0073
2025-01-14 19:24:48,644 - INFO - Run 3, Epoch 23/50, Train Loss: 0.0072
2025-01-14 19:24:51,341 - INFO - Run 3, Epoch 24/50, Train Loss: 0.0071
2025-01-14 19:24:54,025 - INFO - Run 3, Epoch 25/50, Train Loss: 0.0070
2025-01-14 19:24:56,748 - INFO - Run 3, Epoch 26/50, Train Loss: 0.0070
2025-01-14 19:24:59,417 - INFO - Run 3, Epoch 27/50, Train Loss: 0.0069
2025-01-14 19:25:02,055 - INFO - Run 3, Epoch 28/50, Train Loss: 0.0068
2025-01-14 19:25:04,755 - INFO - Run 3, Epoch 29/50, Train Loss: 0.0067
2025-01-14 19:25:07,429 - INFO - Run 3, Epoch 30/50, Train Loss: 0.0067
2025-01-14 19:25:09,831 - INFO - Run 3, Epoch 31/50, Train Loss: 0.0066
2025-01-14 19:25:12,310 - INFO - Run 3, Epoch 32/50, Train Loss: 0.0065
2025-01-14 19:25:14,733 - INFO - Run 3, Epoch 33/50, Train Loss: 0.0065
2025-01-14 19:25:17,028 - INFO - Run 3, Epoch 34/50, Train Loss: 0.0064
2025-01-14 19:25:19,138 - INFO - Run 3, Epoch 35/50, Train Loss: 0.0064
2025-01-14 19:25:21,407 - INFO - Run 3, Epoch 36/50, Train Loss: 0.0063
2025-01-14 19:25:23,728 - INFO - Run 3, Epoch 37/50, Train Loss: 0.0063
2025-01-14 19:25:26,253 - INFO - Run 3, Epoch 38/50, Train Loss: 0.0063
2025-01-14 19:25:28,738 - INFO - Run 3, Epoch 39/50, Train Loss: 0.0062
2025-01-14 19:25:31,320 - INFO - Run 3, Epoch 40/50, Train Loss: 0.0062
2025-01-14 19:25:34,054 - INFO - Run 3, Epoch 41/50, Train Loss: 0.0061
2025-01-14 19:25:36,916 - INFO - Run 3, Epoch 42/50, Train Loss: 0.0060
2025-01-14 19:25:39,630 - INFO - Run 3, Epoch 43/50, Train Loss: 0.0060
2025-01-14 19:25:42,355 - INFO - Run 3, Epoch 44/50, Train Loss: 0.0060
2025-01-14 19:25:45,026 - INFO - Run 3, Epoch 45/50, Train Loss: 0.0060
2025-01-14 19:25:47,620 - INFO - Run 3, Epoch 46/50, Train Loss: 0.0059
2025-01-14 19:25:50,091 - INFO - Run 3, Epoch 47/50, Train Loss: 0.0059
2025-01-14 19:25:52,611 - INFO - Run 3, Epoch 48/50, Train Loss: 0.0058
2025-01-14 19:25:55,139 - INFO - Run 3, Epoch 49/50, Train Loss: 0.0058
2025-01-14 19:25:57,566 - INFO - Run 3, Epoch 50/50, Train Loss: 0.0058
2025-01-14 19:25:57,666 - INFO - Run 3, Test MSE: 0.0196, Test MAE: 0.0928
2025-01-14 19:25:57,666 - INFO - Starting run 4
2025-01-14 19:25:57,752 - INFO - Using device: cuda
2025-01-14 19:26:00,176 - INFO - Run 4, Epoch 1/50, Train Loss: 0.0272
2025-01-14 19:26:02,806 - INFO - Run 4, Epoch 2/50, Train Loss: 0.0166
2025-01-14 19:26:05,325 - INFO - Run 4, Epoch 3/50, Train Loss: 0.0146
2025-01-14 19:26:07,817 - INFO - Run 4, Epoch 4/50, Train Loss: 0.0132
2025-01-14 19:26:10,497 - INFO - Run 4, Epoch 5/50, Train Loss: 0.0120
2025-01-14 19:26:12,906 - INFO - Run 4, Epoch 6/50, Train Loss: 0.0110
2025-01-14 19:26:15,246 - INFO - Run 4, Epoch 7/50, Train Loss: 0.0104
2025-01-14 19:26:17,616 - INFO - Run 4, Epoch 8/50, Train Loss: 0.0099
2025-01-14 19:26:19,918 - INFO - Run 4, Epoch 9/50, Train Loss: 0.0095
2025-01-14 19:26:22,528 - INFO - Run 4, Epoch 10/50, Train Loss: 0.0092
2025-01-14 19:26:24,889 - INFO - Run 4, Epoch 11/50, Train Loss: 0.0089
2025-01-14 19:26:27,299 - INFO - Run 4, Epoch 12/50, Train Loss: 0.0087
2025-01-14 19:26:29,637 - INFO - Run 4, Epoch 13/50, Train Loss: 0.0084
2025-01-14 19:26:32,104 - INFO - Run 4, Epoch 14/50, Train Loss: 0.0084
2025-01-14 19:26:34,496 - INFO - Run 4, Epoch 15/50, Train Loss: 0.0082
2025-01-14 19:26:37,289 - INFO - Run 4, Epoch 16/50, Train Loss: 0.0081
2025-01-14 19:26:39,662 - INFO - Run 4, Epoch 17/50, Train Loss: 0.0080
2025-01-14 19:26:42,312 - INFO - Run 4, Epoch 18/50, Train Loss: 0.0079
2025-01-14 19:26:44,853 - INFO - Run 4, Epoch 19/50, Train Loss: 0.0078
2025-01-14 19:26:47,332 - INFO - Run 4, Epoch 20/50, Train Loss: 0.0077
2025-01-14 19:26:49,888 - INFO - Run 4, Epoch 21/50, Train Loss: 0.0076
2025-01-14 19:26:52,378 - INFO - Run 4, Epoch 22/50, Train Loss: 0.0075
2025-01-14 19:26:54,743 - INFO - Run 4, Epoch 23/50, Train Loss: 0.0073
2025-01-14 19:26:57,181 - INFO - Run 4, Epoch 24/50, Train Loss: 0.0073
2025-01-14 19:26:59,750 - INFO - Run 4, Epoch 25/50, Train Loss: 0.0072
2025-01-14 19:27:02,721 - INFO - Run 4, Epoch 26/50, Train Loss: 0.0072
2025-01-14 19:27:05,562 - INFO - Run 4, Epoch 27/50, Train Loss: 0.0071
2025-01-14 19:27:08,462 - INFO - Run 4, Epoch 28/50, Train Loss: 0.0070
2025-01-14 19:27:11,228 - INFO - Run 4, Epoch 29/50, Train Loss: 0.0070
2025-01-14 19:27:13,964 - INFO - Run 4, Epoch 30/50, Train Loss: 0.0069
2025-01-14 19:27:16,785 - INFO - Run 4, Epoch 31/50, Train Loss: 0.0069
2025-01-14 19:27:19,567 - INFO - Run 4, Epoch 32/50, Train Loss: 0.0067
2025-01-14 19:27:22,490 - INFO - Run 4, Epoch 33/50, Train Loss: 0.0067
2025-01-14 19:27:25,370 - INFO - Run 4, Epoch 34/50, Train Loss: 0.0068
2025-01-14 19:27:28,129 - INFO - Run 4, Epoch 35/50, Train Loss: 0.0065
2025-01-14 19:27:30,859 - INFO - Run 4, Epoch 36/50, Train Loss: 0.0065
2025-01-14 19:27:33,797 - INFO - Run 4, Epoch 37/50, Train Loss: 0.0065
2025-01-14 19:27:36,609 - INFO - Run 4, Epoch 38/50, Train Loss: 0.0064
2025-01-14 19:27:39,720 - INFO - Run 4, Epoch 39/50, Train Loss: 0.0064
2025-01-14 19:27:42,578 - INFO - Run 4, Epoch 40/50, Train Loss: 0.0064
2025-01-14 19:27:45,388 - INFO - Run 4, Epoch 41/50, Train Loss: 0.0062
2025-01-14 19:27:48,219 - INFO - Run 4, Epoch 42/50, Train Loss: 0.0062
2025-01-14 19:27:51,149 - INFO - Run 4, Epoch 43/50, Train Loss: 0.0063
2025-01-14 19:27:54,200 - INFO - Run 4, Epoch 44/50, Train Loss: 0.0062
2025-01-14 19:27:57,049 - INFO - Run 4, Epoch 45/50, Train Loss: 0.0061
2025-01-14 19:27:59,831 - INFO - Run 4, Epoch 46/50, Train Loss: 0.0061
2025-01-14 19:28:02,691 - INFO - Run 4, Epoch 47/50, Train Loss: 0.0060
2025-01-14 19:28:05,486 - INFO - Run 4, Epoch 48/50, Train Loss: 0.0060
2025-01-14 19:28:08,617 - INFO - Run 4, Epoch 49/50, Train Loss: 0.0060
2025-01-14 19:28:11,195 - INFO - Run 4, Epoch 50/50, Train Loss: 0.0060
2025-01-14 19:28:11,299 - INFO - Run 4, Test MSE: 0.0316, Test MAE: 0.1208
2025-01-14 19:28:11,299 - INFO - Starting run 5
2025-01-14 19:28:11,389 - INFO - Using device: cuda
2025-01-14 19:28:13,984 - INFO - Run 5, Epoch 1/50, Train Loss: 0.0283
2025-01-14 19:28:16,487 - INFO - Run 5, Epoch 2/50, Train Loss: 0.0166
2025-01-14 19:28:18,797 - INFO - Run 5, Epoch 3/50, Train Loss: 0.0147
2025-01-14 19:28:21,148 - INFO - Run 5, Epoch 4/50, Train Loss: 0.0134
2025-01-14 19:28:23,608 - INFO - Run 5, Epoch 5/50, Train Loss: 0.0122
2025-01-14 19:28:26,207 - INFO - Run 5, Epoch 6/50, Train Loss: 0.0113
2025-01-14 19:28:28,788 - INFO - Run 5, Epoch 7/50, Train Loss: 0.0105
2025-01-14 19:28:31,662 - INFO - Run 5, Epoch 8/50, Train Loss: 0.0100
2025-01-14 19:28:34,250 - INFO - Run 5, Epoch 9/50, Train Loss: 0.0097
2025-01-14 19:28:36,782 - INFO - Run 5, Epoch 10/50, Train Loss: 0.0092
2025-01-14 19:28:39,481 - INFO - Run 5, Epoch 11/50, Train Loss: 0.0090
2025-01-14 19:28:42,153 - INFO - Run 5, Epoch 12/50, Train Loss: 0.0087
2025-01-14 19:28:45,046 - INFO - Run 5, Epoch 13/50, Train Loss: 0.0086
2025-01-14 19:28:47,584 - INFO - Run 5, Epoch 14/50, Train Loss: 0.0084
2025-01-14 19:28:50,114 - INFO - Run 5, Epoch 15/50, Train Loss: 0.0082
2025-01-14 19:28:52,543 - INFO - Run 5, Epoch 16/50, Train Loss: 0.0081
2025-01-14 19:28:55,212 - INFO - Run 5, Epoch 17/50, Train Loss: 0.0079
2025-01-14 19:28:57,976 - INFO - Run 5, Epoch 18/50, Train Loss: 0.0077
2025-01-14 19:29:00,714 - INFO - Run 5, Epoch 19/50, Train Loss: 0.0077
2025-01-14 19:29:03,432 - INFO - Run 5, Epoch 20/50, Train Loss: 0.0075
2025-01-14 19:29:06,135 - INFO - Run 5, Epoch 21/50, Train Loss: 0.0075
2025-01-14 19:29:08,842 - INFO - Run 5, Epoch 22/50, Train Loss: 0.0073
2025-01-14 19:29:11,574 - INFO - Run 5, Epoch 23/50, Train Loss: 0.0074
2025-01-14 19:29:14,199 - INFO - Run 5, Epoch 24/50, Train Loss: 0.0072
2025-01-14 19:29:16,626 - INFO - Run 5, Epoch 25/50, Train Loss: 0.0071
2025-01-14 19:29:19,372 - INFO - Run 5, Epoch 26/50, Train Loss: 0.0071
2025-01-14 19:29:22,124 - INFO - Run 5, Epoch 27/50, Train Loss: 0.0071
2025-01-14 19:29:24,915 - INFO - Run 5, Epoch 28/50, Train Loss: 0.0069
2025-01-14 19:29:27,640 - INFO - Run 5, Epoch 29/50, Train Loss: 0.0069
2025-01-14 19:29:30,326 - INFO - Run 5, Epoch 30/50, Train Loss: 0.0068
2025-01-14 19:29:33,038 - INFO - Run 5, Epoch 31/50, Train Loss: 0.0067
2025-01-14 19:29:35,814 - INFO - Run 5, Epoch 32/50, Train Loss: 0.0066
2025-01-14 19:29:38,687 - INFO - Run 5, Epoch 33/50, Train Loss: 0.0066
2025-01-14 19:29:41,552 - INFO - Run 5, Epoch 34/50, Train Loss: 0.0065
2025-01-14 19:29:44,253 - INFO - Run 5, Epoch 35/50, Train Loss: 0.0066
2025-01-14 19:29:46,952 - INFO - Run 5, Epoch 36/50, Train Loss: 0.0064
2025-01-14 19:29:49,572 - INFO - Run 5, Epoch 37/50, Train Loss: 0.0064
2025-01-14 19:29:52,267 - INFO - Run 5, Epoch 38/50, Train Loss: 0.0063
2025-01-14 19:29:55,133 - INFO - Run 5, Epoch 39/50, Train Loss: 0.0063
2025-01-14 19:29:57,972 - INFO - Run 5, Epoch 40/50, Train Loss: 0.0062
2025-01-14 19:30:00,664 - INFO - Run 5, Epoch 41/50, Train Loss: 0.0062
2025-01-14 19:30:03,322 - INFO - Run 5, Epoch 42/50, Train Loss: 0.0062
2025-01-14 19:30:05,996 - INFO - Run 5, Epoch 43/50, Train Loss: 0.0061
2025-01-14 19:30:08,812 - INFO - Run 5, Epoch 44/50, Train Loss: 0.0061
2025-01-14 19:30:11,696 - INFO - Run 5, Epoch 45/50, Train Loss: 0.0061
2025-01-14 19:30:14,432 - INFO - Run 5, Epoch 46/50, Train Loss: 0.0060
2025-01-14 19:30:16,990 - INFO - Run 5, Epoch 47/50, Train Loss: 0.0059
2025-01-14 19:30:19,352 - INFO - Run 5, Epoch 48/50, Train Loss: 0.0059
2025-01-14 19:30:21,942 - INFO - Run 5, Epoch 49/50, Train Loss: 0.0059
2025-01-14 19:30:24,256 - INFO - Run 5, Epoch 50/50, Train Loss: 0.0058
2025-01-14 19:30:24,342 - INFO - Run 5, Test MSE: 0.0181, Test MAE: 0.0888
2025-01-14 19:30:24,342 - INFO - Final Results for Output Window 96:
2025-01-14 19:30:24,342 - INFO - MSE - Mean: 0.0254, Std: 0.0056
2025-01-14 19:30:24,342 - INFO - MAE - Mean: 0.1067, Std: 0.0133
