2025-01-14 17:15:00,207 - INFO - Starting run 1
2025-01-14 17:15:00,415 - INFO - Using device: cuda
2025-01-14 17:15:03,853 - INFO - Run 1, Epoch 1/50, Train Loss: 0.0161
2025-01-14 17:15:04,968 - INFO - Run 1, Epoch 2/50, Train Loss: 0.0103
2025-01-14 17:15:06,054 - INFO - Run 1, Epoch 3/50, Train Loss: 0.0086
2025-01-14 17:15:07,139 - INFO - Run 1, Epoch 4/50, Train Loss: 0.0071
2025-01-14 17:15:08,242 - INFO - Run 1, Epoch 5/50, Train Loss: 0.0065
2025-01-14 17:15:09,293 - INFO - Run 1, Epoch 6/50, Train Loss: 0.0061
2025-01-14 17:15:10,370 - INFO - Run 1, Epoch 7/50, Train Loss: 0.0058
2025-01-14 17:15:11,445 - INFO - Run 1, Epoch 8/50, Train Loss: 0.0056
2025-01-14 17:15:12,511 - INFO - Run 1, Epoch 9/50, Train Loss: 0.0054
2025-01-14 17:15:13,578 - INFO - Run 1, Epoch 10/50, Train Loss: 0.0053
2025-01-14 17:15:14,661 - INFO - Run 1, Epoch 11/50, Train Loss: 0.0051
2025-01-14 17:15:15,738 - INFO - Run 1, Epoch 12/50, Train Loss: 0.0050
2025-01-14 17:15:16,808 - INFO - Run 1, Epoch 13/50, Train Loss: 0.0048
2025-01-14 17:15:17,867 - INFO - Run 1, Epoch 14/50, Train Loss: 0.0047
2025-01-14 17:15:18,966 - INFO - Run 1, Epoch 15/50, Train Loss: 0.0046
2025-01-14 17:15:20,054 - INFO - Run 1, Epoch 16/50, Train Loss: 0.0044
2025-01-14 17:15:21,129 - INFO - Run 1, Epoch 17/50, Train Loss: 0.0043
2025-01-14 17:15:22,200 - INFO - Run 1, Epoch 18/50, Train Loss: 0.0042
2025-01-14 17:15:23,311 - INFO - Run 1, Epoch 19/50, Train Loss: 0.0040
2025-01-14 17:15:24,431 - INFO - Run 1, Epoch 20/50, Train Loss: 0.0039
2025-01-14 17:15:25,521 - INFO - Run 1, Epoch 21/50, Train Loss: 0.0038
2025-01-14 17:15:26,647 - INFO - Run 1, Epoch 22/50, Train Loss: 0.0037
2025-01-14 17:15:27,718 - INFO - Run 1, Epoch 23/50, Train Loss: 0.0035
2025-01-14 17:15:28,782 - INFO - Run 1, Epoch 24/50, Train Loss: 0.0035
2025-01-14 17:15:29,843 - INFO - Run 1, Epoch 25/50, Train Loss: 0.0033
2025-01-14 17:15:30,913 - INFO - Run 1, Epoch 26/50, Train Loss: 0.0032
2025-01-14 17:15:31,983 - INFO - Run 1, Epoch 27/50, Train Loss: 0.0031
2025-01-14 17:15:33,053 - INFO - Run 1, Epoch 28/50, Train Loss: 0.0030
2025-01-14 17:15:34,125 - INFO - Run 1, Epoch 29/50, Train Loss: 0.0029
2025-01-14 17:15:35,242 - INFO - Run 1, Epoch 30/50, Train Loss: 0.0028
2025-01-14 17:15:36,347 - INFO - Run 1, Epoch 31/50, Train Loss: 0.0027
2025-01-14 17:15:37,443 - INFO - Run 1, Epoch 32/50, Train Loss: 0.0026
2025-01-14 17:15:38,542 - INFO - Run 1, Epoch 33/50, Train Loss: 0.0025
2025-01-14 17:15:39,637 - INFO - Run 1, Epoch 34/50, Train Loss: 0.0025
2025-01-14 17:15:40,708 - INFO - Run 1, Epoch 35/50, Train Loss: 0.0028
2025-01-14 17:15:41,771 - INFO - Run 1, Epoch 36/50, Train Loss: 0.0023
2025-01-14 17:15:42,837 - INFO - Run 1, Epoch 37/50, Train Loss: 0.0022
2025-01-14 17:15:43,920 - INFO - Run 1, Epoch 38/50, Train Loss: 0.0023
2025-01-14 17:15:45,013 - INFO - Run 1, Epoch 39/50, Train Loss: 0.0021
2025-01-14 17:15:46,086 - INFO - Run 1, Epoch 40/50, Train Loss: 0.0020
2025-01-14 17:15:47,153 - INFO - Run 1, Epoch 41/50, Train Loss: 0.0022
2025-01-14 17:15:48,255 - INFO - Run 1, Epoch 42/50, Train Loss: 0.0019
2025-01-14 17:15:49,353 - INFO - Run 1, Epoch 43/50, Train Loss: 0.0020
2025-01-14 17:15:50,472 - INFO - Run 1, Epoch 44/50, Train Loss: 0.0019
2025-01-14 17:15:51,566 - INFO - Run 1, Epoch 45/50, Train Loss: 0.0021
2025-01-14 17:15:52,641 - INFO - Run 1, Epoch 46/50, Train Loss: 0.0018
2025-01-14 17:15:53,703 - INFO - Run 1, Epoch 47/50, Train Loss: 0.0018
2025-01-14 17:15:54,766 - INFO - Run 1, Epoch 48/50, Train Loss: 0.0018
2025-01-14 17:15:55,835 - INFO - Run 1, Epoch 49/50, Train Loss: 0.0017
2025-01-14 17:15:56,928 - INFO - Run 1, Epoch 50/50, Train Loss: 0.0017
2025-01-14 17:15:56,984 - INFO - Run 1, Test MSE: 0.0236, Test MAE: 0.0993
2025-01-14 17:15:56,985 - INFO - Starting run 2
2025-01-14 17:15:57,062 - INFO - Using device: cuda
2025-01-14 17:15:58,157 - INFO - Run 2, Epoch 1/50, Train Loss: 0.0163
2025-01-14 17:15:59,214 - INFO - Run 2, Epoch 2/50, Train Loss: 0.0105
2025-01-14 17:16:00,279 - INFO - Run 2, Epoch 3/50, Train Loss: 0.0085
2025-01-14 17:16:01,344 - INFO - Run 2, Epoch 4/50, Train Loss: 0.0072
2025-01-14 17:16:02,389 - INFO - Run 2, Epoch 5/50, Train Loss: 0.0066
2025-01-14 17:16:03,440 - INFO - Run 2, Epoch 6/50, Train Loss: 0.0063
2025-01-14 17:16:04,507 - INFO - Run 2, Epoch 7/50, Train Loss: 0.0060
2025-01-14 17:16:05,566 - INFO - Run 2, Epoch 8/50, Train Loss: 0.0057
2025-01-14 17:16:06,633 - INFO - Run 2, Epoch 9/50, Train Loss: 0.0055
2025-01-14 17:16:07,697 - INFO - Run 2, Epoch 10/50, Train Loss: 0.0053
2025-01-14 17:16:08,786 - INFO - Run 2, Epoch 11/50, Train Loss: 0.0052
2025-01-14 17:16:09,852 - INFO - Run 2, Epoch 12/50, Train Loss: 0.0050
2025-01-14 17:16:10,926 - INFO - Run 2, Epoch 13/50, Train Loss: 0.0049
2025-01-14 17:16:11,989 - INFO - Run 2, Epoch 14/50, Train Loss: 0.0048
2025-01-14 17:16:13,061 - INFO - Run 2, Epoch 15/50, Train Loss: 0.0047
2025-01-14 17:16:14,125 - INFO - Run 2, Epoch 16/50, Train Loss: 0.0045
2025-01-14 17:16:15,192 - INFO - Run 2, Epoch 17/50, Train Loss: 0.0044
2025-01-14 17:16:16,259 - INFO - Run 2, Epoch 18/50, Train Loss: 0.0043
2025-01-14 17:16:17,325 - INFO - Run 2, Epoch 19/50, Train Loss: 0.0042
2025-01-14 17:16:18,391 - INFO - Run 2, Epoch 20/50, Train Loss: 0.0041
2025-01-14 17:16:19,463 - INFO - Run 2, Epoch 21/50, Train Loss: 0.0040
2025-01-14 17:16:20,531 - INFO - Run 2, Epoch 22/50, Train Loss: 0.0038
2025-01-14 17:16:21,608 - INFO - Run 2, Epoch 23/50, Train Loss: 0.0038
2025-01-14 17:16:22,688 - INFO - Run 2, Epoch 24/50, Train Loss: 0.0038
2025-01-14 17:16:23,771 - INFO - Run 2, Epoch 25/50, Train Loss: 0.0037
2025-01-14 17:16:24,848 - INFO - Run 2, Epoch 26/50, Train Loss: 0.0036
2025-01-14 17:16:25,910 - INFO - Run 2, Epoch 27/50, Train Loss: 0.0033
2025-01-14 17:16:26,973 - INFO - Run 2, Epoch 28/50, Train Loss: 0.0032
2025-01-14 17:16:28,057 - INFO - Run 2, Epoch 29/50, Train Loss: 0.0031
2025-01-14 17:16:29,115 - INFO - Run 2, Epoch 30/50, Train Loss: 0.0030
2025-01-14 17:16:30,175 - INFO - Run 2, Epoch 31/50, Train Loss: 0.0031
2025-01-14 17:16:31,247 - INFO - Run 2, Epoch 32/50, Train Loss: 0.0033
2025-01-14 17:16:32,313 - INFO - Run 2, Epoch 33/50, Train Loss: 0.0027
2025-01-14 17:16:33,387 - INFO - Run 2, Epoch 34/50, Train Loss: 0.0027
2025-01-14 17:16:34,459 - INFO - Run 2, Epoch 35/50, Train Loss: 0.0027
2025-01-14 17:16:35,533 - INFO - Run 2, Epoch 36/50, Train Loss: 0.0025
2025-01-14 17:16:36,597 - INFO - Run 2, Epoch 37/50, Train Loss: 0.0024
2025-01-14 17:16:37,670 - INFO - Run 2, Epoch 38/50, Train Loss: 0.0023
2025-01-14 17:16:38,735 - INFO - Run 2, Epoch 39/50, Train Loss: 0.0028
2025-01-14 17:16:39,795 - INFO - Run 2, Epoch 40/50, Train Loss: 0.0025
2025-01-14 17:16:40,868 - INFO - Run 2, Epoch 41/50, Train Loss: 0.0022
2025-01-14 17:16:41,958 - INFO - Run 2, Epoch 42/50, Train Loss: 0.0021
2025-01-14 17:16:43,024 - INFO - Run 2, Epoch 43/50, Train Loss: 0.0021
2025-01-14 17:16:44,093 - INFO - Run 2, Epoch 44/50, Train Loss: 0.0020
2025-01-14 17:16:45,155 - INFO - Run 2, Epoch 45/50, Train Loss: 0.0024
2025-01-14 17:16:46,224 - INFO - Run 2, Epoch 46/50, Train Loss: 0.0019
2025-01-14 17:16:47,286 - INFO - Run 2, Epoch 47/50, Train Loss: 0.0019
2025-01-14 17:16:48,359 - INFO - Run 2, Epoch 48/50, Train Loss: 0.0019
2025-01-14 17:16:49,430 - INFO - Run 2, Epoch 49/50, Train Loss: 0.0018
2025-01-14 17:16:50,505 - INFO - Run 2, Epoch 50/50, Train Loss: 0.0018
2025-01-14 17:16:50,559 - INFO - Run 2, Test MSE: 0.0273, Test MAE: 0.1079
2025-01-14 17:16:50,559 - INFO - Starting run 3
2025-01-14 17:16:50,640 - INFO - Using device: cuda
2025-01-14 17:16:51,748 - INFO - Run 3, Epoch 1/50, Train Loss: 0.0161
2025-01-14 17:16:52,823 - INFO - Run 3, Epoch 2/50, Train Loss: 0.0102
2025-01-14 17:16:53,916 - INFO - Run 3, Epoch 3/50, Train Loss: 0.0082
2025-01-14 17:16:54,992 - INFO - Run 3, Epoch 4/50, Train Loss: 0.0069
2025-01-14 17:16:56,058 - INFO - Run 3, Epoch 5/50, Train Loss: 0.0064
2025-01-14 17:16:57,118 - INFO - Run 3, Epoch 6/50, Train Loss: 0.0060
2025-01-14 17:16:58,205 - INFO - Run 3, Epoch 7/50, Train Loss: 0.0057
2025-01-14 17:16:59,276 - INFO - Run 3, Epoch 8/50, Train Loss: 0.0055
2025-01-14 17:17:00,350 - INFO - Run 3, Epoch 9/50, Train Loss: 0.0053
2025-01-14 17:17:01,422 - INFO - Run 3, Epoch 10/50, Train Loss: 0.0052
2025-01-14 17:17:02,485 - INFO - Run 3, Epoch 11/50, Train Loss: 0.0050
2025-01-14 17:17:03,561 - INFO - Run 3, Epoch 12/50, Train Loss: 0.0049
2025-01-14 17:17:04,627 - INFO - Run 3, Epoch 13/50, Train Loss: 0.0048
2025-01-14 17:17:05,688 - INFO - Run 3, Epoch 14/50, Train Loss: 0.0047
2025-01-14 17:17:06,766 - INFO - Run 3, Epoch 15/50, Train Loss: 0.0046
2025-01-14 17:17:07,838 - INFO - Run 3, Epoch 16/50, Train Loss: 0.0045
2025-01-14 17:17:08,910 - INFO - Run 3, Epoch 17/50, Train Loss: 0.0043
2025-01-14 17:17:09,989 - INFO - Run 3, Epoch 18/50, Train Loss: 0.0042
2025-01-14 17:17:11,056 - INFO - Run 3, Epoch 19/50, Train Loss: 0.0041
2025-01-14 17:17:12,130 - INFO - Run 3, Epoch 20/50, Train Loss: 0.0040
2025-01-14 17:17:13,204 - INFO - Run 3, Epoch 21/50, Train Loss: 0.0039
2025-01-14 17:17:14,281 - INFO - Run 3, Epoch 22/50, Train Loss: 0.0037
2025-01-14 17:17:15,353 - INFO - Run 3, Epoch 23/50, Train Loss: 0.0037
2025-01-14 17:17:16,449 - INFO - Run 3, Epoch 24/50, Train Loss: 0.0036
2025-01-14 17:17:17,535 - INFO - Run 3, Epoch 25/50, Train Loss: 0.0035
2025-01-14 17:17:18,623 - INFO - Run 3, Epoch 26/50, Train Loss: 0.0034
2025-01-14 17:17:19,722 - INFO - Run 3, Epoch 27/50, Train Loss: 0.0032
2025-01-14 17:17:20,806 - INFO - Run 3, Epoch 28/50, Train Loss: 0.0032
2025-01-14 17:17:21,902 - INFO - Run 3, Epoch 29/50, Train Loss: 0.0030
2025-01-14 17:17:22,985 - INFO - Run 3, Epoch 30/50, Train Loss: 0.0029
2025-01-14 17:17:24,073 - INFO - Run 3, Epoch 31/50, Train Loss: 0.0028
2025-01-14 17:17:25,146 - INFO - Run 3, Epoch 32/50, Train Loss: 0.0027
2025-01-14 17:17:26,230 - INFO - Run 3, Epoch 33/50, Train Loss: 0.0027
2025-01-14 17:17:27,318 - INFO - Run 3, Epoch 34/50, Train Loss: 0.0025
2025-01-14 17:17:28,416 - INFO - Run 3, Epoch 35/50, Train Loss: 0.0030
2025-01-14 17:17:29,501 - INFO - Run 3, Epoch 36/50, Train Loss: 0.0026
2025-01-14 17:17:30,578 - INFO - Run 3, Epoch 37/50, Train Loss: 0.0023
2025-01-14 17:17:31,671 - INFO - Run 3, Epoch 38/50, Train Loss: 0.0023
2025-01-14 17:17:32,762 - INFO - Run 3, Epoch 39/50, Train Loss: 0.0026
2025-01-14 17:17:33,848 - INFO - Run 3, Epoch 40/50, Train Loss: 0.0023
2025-01-14 17:17:34,940 - INFO - Run 3, Epoch 41/50, Train Loss: 0.0021
2025-01-14 17:17:36,029 - INFO - Run 3, Epoch 42/50, Train Loss: 0.0020
2025-01-14 17:17:37,115 - INFO - Run 3, Epoch 43/50, Train Loss: 0.0020
2025-01-14 17:17:38,203 - INFO - Run 3, Epoch 44/50, Train Loss: 0.0019
2025-01-14 17:17:39,283 - INFO - Run 3, Epoch 45/50, Train Loss: 0.0021
2025-01-14 17:17:40,354 - INFO - Run 3, Epoch 46/50, Train Loss: 0.0018
2025-01-14 17:17:41,448 - INFO - Run 3, Epoch 47/50, Train Loss: 0.0020
2025-01-14 17:17:42,518 - INFO - Run 3, Epoch 48/50, Train Loss: 0.0018
2025-01-14 17:17:43,588 - INFO - Run 3, Epoch 49/50, Train Loss: 0.0018
2025-01-14 17:17:44,673 - INFO - Run 3, Epoch 50/50, Train Loss: 0.0019
2025-01-14 17:17:44,728 - INFO - Run 3, Test MSE: 0.0327, Test MAE: 0.1170
2025-01-14 17:17:44,728 - INFO - Starting run 4
2025-01-14 17:17:44,805 - INFO - Using device: cuda
2025-01-14 17:17:45,958 - INFO - Run 4, Epoch 1/50, Train Loss: 0.0162
2025-01-14 17:17:47,225 - INFO - Run 4, Epoch 2/50, Train Loss: 0.0101
2025-01-14 17:17:48,482 - INFO - Run 4, Epoch 3/50, Train Loss: 0.0083
2025-01-14 17:17:49,657 - INFO - Run 4, Epoch 4/50, Train Loss: 0.0070
2025-01-14 17:17:50,918 - INFO - Run 4, Epoch 5/50, Train Loss: 0.0065
2025-01-14 17:17:52,169 - INFO - Run 4, Epoch 6/50, Train Loss: 0.0061
2025-01-14 17:17:53,429 - INFO - Run 4, Epoch 7/50, Train Loss: 0.0059
2025-01-14 17:17:54,693 - INFO - Run 4, Epoch 8/50, Train Loss: 0.0056
2025-01-14 17:17:55,951 - INFO - Run 4, Epoch 9/50, Train Loss: 0.0054
2025-01-14 17:17:57,215 - INFO - Run 4, Epoch 10/50, Train Loss: 0.0053
2025-01-14 17:17:58,427 - INFO - Run 4, Epoch 11/50, Train Loss: 0.0051
2025-01-14 17:17:59,641 - INFO - Run 4, Epoch 12/50, Train Loss: 0.0049
2025-01-14 17:18:00,816 - INFO - Run 4, Epoch 13/50, Train Loss: 0.0048
2025-01-14 17:18:02,036 - INFO - Run 4, Epoch 14/50, Train Loss: 0.0048
2025-01-14 17:18:03,286 - INFO - Run 4, Epoch 15/50, Train Loss: 0.0045
2025-01-14 17:18:04,542 - INFO - Run 4, Epoch 16/50, Train Loss: 0.0045
2025-01-14 17:18:05,769 - INFO - Run 4, Epoch 17/50, Train Loss: 0.0043
2025-01-14 17:18:07,022 - INFO - Run 4, Epoch 18/50, Train Loss: 0.0042
2025-01-14 17:18:08,268 - INFO - Run 4, Epoch 19/50, Train Loss: 0.0040
2025-01-14 17:18:09,534 - INFO - Run 4, Epoch 20/50, Train Loss: 0.0039
2025-01-14 17:18:10,780 - INFO - Run 4, Epoch 21/50, Train Loss: 0.0039
2025-01-14 17:18:12,037 - INFO - Run 4, Epoch 22/50, Train Loss: 0.0037
2025-01-14 17:18:13,234 - INFO - Run 4, Epoch 23/50, Train Loss: 0.0035
2025-01-14 17:18:14,489 - INFO - Run 4, Epoch 24/50, Train Loss: 0.0034
2025-01-14 17:18:15,718 - INFO - Run 4, Epoch 25/50, Train Loss: 0.0033
2025-01-14 17:18:16,814 - INFO - Run 4, Epoch 26/50, Train Loss: 0.0032
2025-01-14 17:18:17,899 - INFO - Run 4, Epoch 27/50, Train Loss: 0.0031
2025-01-14 17:18:18,953 - INFO - Run 4, Epoch 28/50, Train Loss: 0.0031
2025-01-14 17:18:20,020 - INFO - Run 4, Epoch 29/50, Train Loss: 0.0029
2025-01-14 17:18:21,102 - INFO - Run 4, Epoch 30/50, Train Loss: 0.0029
2025-01-14 17:18:22,281 - INFO - Run 4, Epoch 31/50, Train Loss: 0.0028
2025-01-14 17:18:23,478 - INFO - Run 4, Epoch 32/50, Train Loss: 0.0027
2025-01-14 17:18:24,665 - INFO - Run 4, Epoch 33/50, Train Loss: 0.0027
2025-01-14 17:18:25,843 - INFO - Run 4, Epoch 34/50, Train Loss: 0.0034
2025-01-14 17:18:27,013 - INFO - Run 4, Epoch 35/50, Train Loss: 0.0033
2025-01-14 17:18:28,175 - INFO - Run 4, Epoch 36/50, Train Loss: 0.0029
2025-01-14 17:18:29,381 - INFO - Run 4, Epoch 37/50, Train Loss: 0.0027
2025-01-14 17:18:30,559 - INFO - Run 4, Epoch 38/50, Train Loss: 0.0027
2025-01-14 17:18:31,738 - INFO - Run 4, Epoch 39/50, Train Loss: 0.0025
2025-01-14 17:18:32,910 - INFO - Run 4, Epoch 40/50, Train Loss: 0.0023
2025-01-14 17:18:34,069 - INFO - Run 4, Epoch 41/50, Train Loss: 0.0024
2025-01-14 17:18:35,231 - INFO - Run 4, Epoch 42/50, Train Loss: 0.0021
2025-01-14 17:18:36,408 - INFO - Run 4, Epoch 43/50, Train Loss: 0.0022
2025-01-14 17:18:37,579 - INFO - Run 4, Epoch 44/50, Train Loss: 0.0020
2025-01-14 17:18:38,794 - INFO - Run 4, Epoch 45/50, Train Loss: 0.0022
2025-01-14 17:18:39,977 - INFO - Run 4, Epoch 46/50, Train Loss: 0.0021
2025-01-14 17:18:41,145 - INFO - Run 4, Epoch 47/50, Train Loss: 0.0020
2025-01-14 17:18:42,308 - INFO - Run 4, Epoch 48/50, Train Loss: 0.0019
2025-01-14 17:18:43,474 - INFO - Run 4, Epoch 49/50, Train Loss: 0.0018
2025-01-14 17:18:44,730 - INFO - Run 4, Epoch 50/50, Train Loss: 0.0018
2025-01-14 17:18:44,785 - INFO - Run 4, Test MSE: 0.0282, Test MAE: 0.1090
2025-01-14 17:18:44,787 - INFO - Starting run 5
2025-01-14 17:18:44,864 - INFO - Using device: cuda
2025-01-14 17:18:46,105 - INFO - Run 5, Epoch 1/50, Train Loss: 0.0160
2025-01-14 17:18:47,330 - INFO - Run 5, Epoch 2/50, Train Loss: 0.0102
2025-01-14 17:18:48,551 - INFO - Run 5, Epoch 3/50, Train Loss: 0.0082
2025-01-14 17:18:49,783 - INFO - Run 5, Epoch 4/50, Train Loss: 0.0069
2025-01-14 17:18:51,007 - INFO - Run 5, Epoch 5/50, Train Loss: 0.0064
2025-01-14 17:18:52,182 - INFO - Run 5, Epoch 6/50, Train Loss: 0.0061
2025-01-14 17:18:53,385 - INFO - Run 5, Epoch 7/50, Train Loss: 0.0059
2025-01-14 17:18:54,584 - INFO - Run 5, Epoch 8/50, Train Loss: 0.0056
2025-01-14 17:18:55,803 - INFO - Run 5, Epoch 9/50, Train Loss: 0.0054
2025-01-14 17:18:56,987 - INFO - Run 5, Epoch 10/50, Train Loss: 0.0053
2025-01-14 17:18:58,215 - INFO - Run 5, Epoch 11/50, Train Loss: 0.0052
2025-01-14 17:18:59,441 - INFO - Run 5, Epoch 12/50, Train Loss: 0.0050
2025-01-14 17:19:00,590 - INFO - Run 5, Epoch 13/50, Train Loss: 0.0049
2025-01-14 17:19:01,705 - INFO - Run 5, Epoch 14/50, Train Loss: 0.0048
2025-01-14 17:19:02,819 - INFO - Run 5, Epoch 15/50, Train Loss: 0.0046
2025-01-14 17:19:04,021 - INFO - Run 5, Epoch 16/50, Train Loss: 0.0045
2025-01-14 17:19:05,253 - INFO - Run 5, Epoch 17/50, Train Loss: 0.0044
2025-01-14 17:19:06,444 - INFO - Run 5, Epoch 18/50, Train Loss: 0.0042
2025-01-14 17:19:07,682 - INFO - Run 5, Epoch 19/50, Train Loss: 0.0041
2025-01-14 17:19:08,906 - INFO - Run 5, Epoch 20/50, Train Loss: 0.0040
2025-01-14 17:19:10,037 - INFO - Run 5, Epoch 21/50, Train Loss: 0.0039
2025-01-14 17:19:11,202 - INFO - Run 5, Epoch 22/50, Train Loss: 0.0038
2025-01-14 17:19:12,297 - INFO - Run 5, Epoch 23/50, Train Loss: 0.0037
2025-01-14 17:19:13,442 - INFO - Run 5, Epoch 24/50, Train Loss: 0.0036
2025-01-14 17:19:14,578 - INFO - Run 5, Epoch 25/50, Train Loss: 0.0037
2025-01-14 17:19:15,703 - INFO - Run 5, Epoch 26/50, Train Loss: 0.0034
2025-01-14 17:19:16,819 - INFO - Run 5, Epoch 27/50, Train Loss: 0.0032
2025-01-14 17:19:17,901 - INFO - Run 5, Epoch 28/50, Train Loss: 0.0034
2025-01-14 17:19:18,994 - INFO - Run 5, Epoch 29/50, Train Loss: 0.0031
2025-01-14 17:19:20,104 - INFO - Run 5, Epoch 30/50, Train Loss: 0.0029
2025-01-14 17:19:21,209 - INFO - Run 5, Epoch 31/50, Train Loss: 0.0034
2025-01-14 17:19:22,309 - INFO - Run 5, Epoch 32/50, Train Loss: 0.0028
2025-01-14 17:19:23,446 - INFO - Run 5, Epoch 33/50, Train Loss: 0.0027
2025-01-14 17:19:24,566 - INFO - Run 5, Epoch 34/50, Train Loss: 0.0027
2025-01-14 17:19:25,672 - INFO - Run 5, Epoch 35/50, Train Loss: 0.0027
2025-01-14 17:19:26,759 - INFO - Run 5, Epoch 36/50, Train Loss: 0.0024
2025-01-14 17:19:27,837 - INFO - Run 5, Epoch 37/50, Train Loss: 0.0024
2025-01-14 17:19:28,918 - INFO - Run 5, Epoch 38/50, Train Loss: 0.0023
2025-01-14 17:19:30,105 - INFO - Run 5, Epoch 39/50, Train Loss: 0.0030
2025-01-14 17:19:31,168 - INFO - Run 5, Epoch 40/50, Train Loss: 0.0024
2025-01-14 17:19:32,232 - INFO - Run 5, Epoch 41/50, Train Loss: 0.0023
2025-01-14 17:19:33,297 - INFO - Run 5, Epoch 42/50, Train Loss: 0.0021
2025-01-14 17:19:34,363 - INFO - Run 5, Epoch 43/50, Train Loss: 0.0021
2025-01-14 17:19:35,425 - INFO - Run 5, Epoch 44/50, Train Loss: 0.0020
2025-01-14 17:19:36,493 - INFO - Run 5, Epoch 45/50, Train Loss: 0.0026
2025-01-14 17:19:37,551 - INFO - Run 5, Epoch 46/50, Train Loss: 0.0020
2025-01-14 17:19:38,609 - INFO - Run 5, Epoch 47/50, Train Loss: 0.0020
2025-01-14 17:19:39,665 - INFO - Run 5, Epoch 48/50, Train Loss: 0.0018
2025-01-14 17:19:40,744 - INFO - Run 5, Epoch 49/50, Train Loss: 0.0018
2025-01-14 17:19:41,802 - INFO - Run 5, Epoch 50/50, Train Loss: 0.0019
2025-01-14 17:19:41,856 - INFO - Run 5, Test MSE: 0.0203, Test MAE: 0.0905
2025-01-14 17:19:41,869 - INFO - Final Results for Output Window 96:
2025-01-14 17:19:41,869 - INFO - MSE - Mean: 0.0264, Std: 0.0042
2025-01-14 17:19:41,869 - INFO - MAE - Mean: 0.1048, Std: 0.0091
