2025-01-14 18:40:42,035 - INFO - Starting run 1
2025-01-14 18:40:42,187 - INFO - Using device: cuda
2025-01-14 18:40:46,749 - INFO - Run 1, Epoch 1/50, Train Loss: 0.0728
2025-01-14 18:40:48,924 - INFO - Run 1, Epoch 2/50, Train Loss: 0.0257
2025-01-14 18:40:51,107 - INFO - Run 1, Epoch 3/50, Train Loss: 0.0196
2025-01-14 18:40:53,287 - INFO - Run 1, Epoch 4/50, Train Loss: 0.0166
2025-01-14 18:40:55,528 - INFO - Run 1, Epoch 5/50, Train Loss: 0.0149
2025-01-14 18:40:57,776 - INFO - Run 1, Epoch 6/50, Train Loss: 0.0138
2025-01-14 18:41:00,065 - INFO - Run 1, Epoch 7/50, Train Loss: 0.0132
2025-01-14 18:41:02,332 - INFO - Run 1, Epoch 8/50, Train Loss: 0.0127
2025-01-14 18:41:04,584 - INFO - Run 1, Epoch 9/50, Train Loss: 0.0123
2025-01-14 18:41:06,883 - INFO - Run 1, Epoch 10/50, Train Loss: 0.0120
2025-01-14 18:41:09,183 - INFO - Run 1, Epoch 11/50, Train Loss: 0.0117
2025-01-14 18:41:11,412 - INFO - Run 1, Epoch 12/50, Train Loss: 0.0113
2025-01-14 18:41:13,662 - INFO - Run 1, Epoch 13/50, Train Loss: 0.0110
2025-01-14 18:41:15,867 - INFO - Run 1, Epoch 14/50, Train Loss: 0.0108
2025-01-14 18:41:18,067 - INFO - Run 1, Epoch 15/50, Train Loss: 0.0106
2025-01-14 18:41:20,231 - INFO - Run 1, Epoch 16/50, Train Loss: 0.0104
2025-01-14 18:41:22,443 - INFO - Run 1, Epoch 17/50, Train Loss: 0.0102
2025-01-14 18:41:24,663 - INFO - Run 1, Epoch 18/50, Train Loss: 0.0101
2025-01-14 18:41:26,891 - INFO - Run 1, Epoch 19/50, Train Loss: 0.0100
2025-01-14 18:41:29,146 - INFO - Run 1, Epoch 20/50, Train Loss: 0.0099
2025-01-14 18:41:31,376 - INFO - Run 1, Epoch 21/50, Train Loss: 0.0099
2025-01-14 18:41:33,719 - INFO - Run 1, Epoch 22/50, Train Loss: 0.0097
2025-01-14 18:41:36,062 - INFO - Run 1, Epoch 23/50, Train Loss: 0.0097
2025-01-14 18:41:38,375 - INFO - Run 1, Epoch 24/50, Train Loss: 0.0096
2025-01-14 18:41:40,743 - INFO - Run 1, Epoch 25/50, Train Loss: 0.0095
2025-01-14 18:41:43,020 - INFO - Run 1, Epoch 26/50, Train Loss: 0.0095
2025-01-14 18:41:45,310 - INFO - Run 1, Epoch 27/50, Train Loss: 0.0094
2025-01-14 18:41:47,865 - INFO - Run 1, Epoch 28/50, Train Loss: 0.0094
2025-01-14 18:41:50,480 - INFO - Run 1, Epoch 29/50, Train Loss: 0.0093
2025-01-14 18:41:53,073 - INFO - Run 1, Epoch 30/50, Train Loss: 0.0092
2025-01-14 18:41:55,676 - INFO - Run 1, Epoch 31/50, Train Loss: 0.0092
2025-01-14 18:41:58,341 - INFO - Run 1, Epoch 32/50, Train Loss: 0.0091
2025-01-14 18:42:01,017 - INFO - Run 1, Epoch 33/50, Train Loss: 0.0092
2025-01-14 18:42:03,521 - INFO - Run 1, Epoch 34/50, Train Loss: 0.0091
2025-01-14 18:42:06,209 - INFO - Run 1, Epoch 35/50, Train Loss: 0.0090
2025-01-14 18:42:08,726 - INFO - Run 1, Epoch 36/50, Train Loss: 0.0090
2025-01-14 18:42:11,341 - INFO - Run 1, Epoch 37/50, Train Loss: 0.0089
2025-01-14 18:42:13,804 - INFO - Run 1, Epoch 38/50, Train Loss: 0.0089
2025-01-14 18:42:16,335 - INFO - Run 1, Epoch 39/50, Train Loss: 0.0089
2025-01-14 18:42:18,535 - INFO - Run 1, Epoch 40/50, Train Loss: 0.0088
2025-01-14 18:42:20,836 - INFO - Run 1, Epoch 41/50, Train Loss: 0.0088
2025-01-14 18:42:23,065 - INFO - Run 1, Epoch 42/50, Train Loss: 0.0088
2025-01-14 18:42:25,294 - INFO - Run 1, Epoch 43/50, Train Loss: 0.0087
2025-01-14 18:42:27,502 - INFO - Run 1, Epoch 44/50, Train Loss: 0.0088
2025-01-14 18:42:29,814 - INFO - Run 1, Epoch 45/50, Train Loss: 0.0087
2025-01-14 18:42:32,102 - INFO - Run 1, Epoch 46/50, Train Loss: 0.0087
2025-01-14 18:42:34,396 - INFO - Run 1, Epoch 47/50, Train Loss: 0.0086
2025-01-14 18:42:36,683 - INFO - Run 1, Epoch 48/50, Train Loss: 0.0086
2025-01-14 18:42:38,923 - INFO - Run 1, Epoch 49/50, Train Loss: 0.0085
2025-01-14 18:42:41,137 - INFO - Run 1, Epoch 50/50, Train Loss: 0.0085
2025-01-14 18:42:41,223 - INFO - Run 1, Test MSE: 0.0207, Test MAE: 0.1007
2025-01-14 18:42:41,223 - INFO - Starting run 2
2025-01-14 18:42:41,311 - INFO - Using device: cuda
2025-01-14 18:42:43,607 - INFO - Run 2, Epoch 1/50, Train Loss: 0.0733
2025-01-14 18:42:45,834 - INFO - Run 2, Epoch 2/50, Train Loss: 0.0252
2025-01-14 18:42:48,055 - INFO - Run 2, Epoch 3/50, Train Loss: 0.0196
2025-01-14 18:42:50,463 - INFO - Run 2, Epoch 4/50, Train Loss: 0.0173
2025-01-14 18:42:52,852 - INFO - Run 2, Epoch 5/50, Train Loss: 0.0156
2025-01-14 18:42:55,128 - INFO - Run 2, Epoch 6/50, Train Loss: 0.0145
2025-01-14 18:42:57,786 - INFO - Run 2, Epoch 7/50, Train Loss: 0.0140
2025-01-14 18:43:00,394 - INFO - Run 2, Epoch 8/50, Train Loss: 0.0132
2025-01-14 18:43:02,937 - INFO - Run 2, Epoch 9/50, Train Loss: 0.0130
2025-01-14 18:43:05,347 - INFO - Run 2, Epoch 10/50, Train Loss: 0.0126
2025-01-14 18:43:07,837 - INFO - Run 2, Epoch 11/50, Train Loss: 0.0124
2025-01-14 18:43:10,469 - INFO - Run 2, Epoch 12/50, Train Loss: 0.0127
2025-01-14 18:43:13,040 - INFO - Run 2, Epoch 13/50, Train Loss: 0.0122
2025-01-14 18:43:15,621 - INFO - Run 2, Epoch 14/50, Train Loss: 0.0119
2025-01-14 18:43:18,210 - INFO - Run 2, Epoch 15/50, Train Loss: 0.0118
2025-01-14 18:43:20,803 - INFO - Run 2, Epoch 16/50, Train Loss: 0.0116
2025-01-14 18:43:23,430 - INFO - Run 2, Epoch 17/50, Train Loss: 0.0115
2025-01-14 18:43:26,037 - INFO - Run 2, Epoch 18/50, Train Loss: 0.0112
2025-01-14 18:43:28,703 - INFO - Run 2, Epoch 19/50, Train Loss: 0.0110
2025-01-14 18:43:31,315 - INFO - Run 2, Epoch 20/50, Train Loss: 0.0108
2025-01-14 18:43:33,937 - INFO - Run 2, Epoch 21/50, Train Loss: 0.0108
2025-01-14 18:43:36,527 - INFO - Run 2, Epoch 22/50, Train Loss: 0.0110
2025-01-14 18:43:39,166 - INFO - Run 2, Epoch 23/50, Train Loss: 0.0108
2025-01-14 18:43:41,791 - INFO - Run 2, Epoch 24/50, Train Loss: 0.0109
2025-01-14 18:43:44,438 - INFO - Run 2, Epoch 25/50, Train Loss: 0.0107
2025-01-14 18:43:46,755 - INFO - Run 2, Epoch 26/50, Train Loss: 0.0106
2025-01-14 18:43:49,004 - INFO - Run 2, Epoch 27/50, Train Loss: 0.0103
2025-01-14 18:43:51,253 - INFO - Run 2, Epoch 28/50, Train Loss: 0.0104
2025-01-14 18:43:53,484 - INFO - Run 2, Epoch 29/50, Train Loss: 0.0103
2025-01-14 18:43:55,747 - INFO - Run 2, Epoch 30/50, Train Loss: 0.0101
2025-01-14 18:43:57,971 - INFO - Run 2, Epoch 31/50, Train Loss: 0.0101
2025-01-14 18:44:00,206 - INFO - Run 2, Epoch 32/50, Train Loss: 0.0101
2025-01-14 18:44:02,452 - INFO - Run 2, Epoch 33/50, Train Loss: 0.0101
2025-01-14 18:44:04,679 - INFO - Run 2, Epoch 34/50, Train Loss: 0.0099
2025-01-14 18:44:06,909 - INFO - Run 2, Epoch 35/50, Train Loss: 0.0099
2025-01-14 18:44:09,131 - INFO - Run 2, Epoch 36/50, Train Loss: 0.0101
2025-01-14 18:44:11,435 - INFO - Run 2, Epoch 37/50, Train Loss: 0.0101
2025-01-14 18:44:13,642 - INFO - Run 2, Epoch 38/50, Train Loss: 0.0099
2025-01-14 18:44:15,934 - INFO - Run 2, Epoch 39/50, Train Loss: 0.0099
2025-01-14 18:44:18,215 - INFO - Run 2, Epoch 40/50, Train Loss: 0.0099
2025-01-14 18:44:20,552 - INFO - Run 2, Epoch 41/50, Train Loss: 0.0098
2025-01-14 18:44:22,799 - INFO - Run 2, Epoch 42/50, Train Loss: 0.0097
2025-01-14 18:44:24,997 - INFO - Run 2, Epoch 43/50, Train Loss: 0.0097
2025-01-14 18:44:27,196 - INFO - Run 2, Epoch 44/50, Train Loss: 0.0097
2025-01-14 18:44:29,409 - INFO - Run 2, Epoch 45/50, Train Loss: 0.0096
2025-01-14 18:44:31,686 - INFO - Run 2, Epoch 46/50, Train Loss: 0.0096
2025-01-14 18:44:33,982 - INFO - Run 2, Epoch 47/50, Train Loss: 0.0096
2025-01-14 18:44:36,354 - INFO - Run 2, Epoch 48/50, Train Loss: 0.0096
2025-01-14 18:44:38,624 - INFO - Run 2, Epoch 49/50, Train Loss: 0.0095
2025-01-14 18:44:40,835 - INFO - Run 2, Epoch 50/50, Train Loss: 0.0096
2025-01-14 18:44:40,927 - INFO - Run 2, Test MSE: 0.0190, Test MAE: 0.0970
2025-01-14 18:44:40,928 - INFO - Starting run 3
2025-01-14 18:44:41,027 - INFO - Using device: cuda
2025-01-14 18:44:43,415 - INFO - Run 3, Epoch 1/50, Train Loss: 0.0727
2025-01-14 18:44:45,685 - INFO - Run 3, Epoch 2/50, Train Loss: 0.0263
2025-01-14 18:44:47,907 - INFO - Run 3, Epoch 3/50, Train Loss: 0.0195
2025-01-14 18:44:50,138 - INFO - Run 3, Epoch 4/50, Train Loss: 0.0166
2025-01-14 18:44:52,369 - INFO - Run 3, Epoch 5/50, Train Loss: 0.0150
2025-01-14 18:44:54,626 - INFO - Run 3, Epoch 6/50, Train Loss: 0.0141
2025-01-14 18:44:56,848 - INFO - Run 3, Epoch 7/50, Train Loss: 0.0135
2025-01-14 18:44:59,208 - INFO - Run 3, Epoch 8/50, Train Loss: 0.0130
2025-01-14 18:45:01,463 - INFO - Run 3, Epoch 9/50, Train Loss: 0.0127
2025-01-14 18:45:03,679 - INFO - Run 3, Epoch 10/50, Train Loss: 0.0123
2025-01-14 18:45:06,016 - INFO - Run 3, Epoch 11/50, Train Loss: 0.0119
2025-01-14 18:45:08,278 - INFO - Run 3, Epoch 12/50, Train Loss: 0.0115
2025-01-14 18:45:10,502 - INFO - Run 3, Epoch 13/50, Train Loss: 0.0113
2025-01-14 18:45:12,757 - INFO - Run 3, Epoch 14/50, Train Loss: 0.0109
2025-01-14 18:45:15,007 - INFO - Run 3, Epoch 15/50, Train Loss: 0.0107
2025-01-14 18:45:17,245 - INFO - Run 3, Epoch 16/50, Train Loss: 0.0106
2025-01-14 18:45:19,464 - INFO - Run 3, Epoch 17/50, Train Loss: 0.0104
2025-01-14 18:45:21,775 - INFO - Run 3, Epoch 18/50, Train Loss: 0.0103
2025-01-14 18:45:23,992 - INFO - Run 3, Epoch 19/50, Train Loss: 0.0101
2025-01-14 18:45:26,189 - INFO - Run 3, Epoch 20/50, Train Loss: 0.0100
2025-01-14 18:45:28,428 - INFO - Run 3, Epoch 21/50, Train Loss: 0.0100
2025-01-14 18:45:30,656 - INFO - Run 3, Epoch 22/50, Train Loss: 0.0099
2025-01-14 18:45:32,926 - INFO - Run 3, Epoch 23/50, Train Loss: 0.0098
2025-01-14 18:45:35,205 - INFO - Run 3, Epoch 24/50, Train Loss: 0.0097
2025-01-14 18:45:37,468 - INFO - Run 3, Epoch 25/50, Train Loss: 0.0096
2025-01-14 18:45:39,723 - INFO - Run 3, Epoch 26/50, Train Loss: 0.0096
2025-01-14 18:45:41,923 - INFO - Run 3, Epoch 27/50, Train Loss: 0.0095
2025-01-14 18:45:44,157 - INFO - Run 3, Epoch 28/50, Train Loss: 0.0095
2025-01-14 18:45:46,408 - INFO - Run 3, Epoch 29/50, Train Loss: 0.0094
2025-01-14 18:45:48,651 - INFO - Run 3, Epoch 30/50, Train Loss: 0.0093
2025-01-14 18:45:50,887 - INFO - Run 3, Epoch 31/50, Train Loss: 0.0094
2025-01-14 18:45:53,109 - INFO - Run 3, Epoch 32/50, Train Loss: 0.0093
2025-01-14 18:45:55,321 - INFO - Run 3, Epoch 33/50, Train Loss: 0.0093
2025-01-14 18:45:57,535 - INFO - Run 3, Epoch 34/50, Train Loss: 0.0092
2025-01-14 18:45:59,734 - INFO - Run 3, Epoch 35/50, Train Loss: 0.0092
2025-01-14 18:46:02,077 - INFO - Run 3, Epoch 36/50, Train Loss: 0.0091
2025-01-14 18:46:04,305 - INFO - Run 3, Epoch 37/50, Train Loss: 0.0092
2025-01-14 18:46:06,530 - INFO - Run 3, Epoch 38/50, Train Loss: 0.0091
2025-01-14 18:46:08,741 - INFO - Run 3, Epoch 39/50, Train Loss: 0.0091
2025-01-14 18:46:11,029 - INFO - Run 3, Epoch 40/50, Train Loss: 0.0091
2025-01-14 18:46:13,240 - INFO - Run 3, Epoch 41/50, Train Loss: 0.0090
2025-01-14 18:46:15,498 - INFO - Run 3, Epoch 42/50, Train Loss: 0.0090
2025-01-14 18:46:17,731 - INFO - Run 3, Epoch 43/50, Train Loss: 0.0089
2025-01-14 18:46:19,982 - INFO - Run 3, Epoch 44/50, Train Loss: 0.0089
2025-01-14 18:46:22,203 - INFO - Run 3, Epoch 45/50, Train Loss: 0.0088
2025-01-14 18:46:24,590 - INFO - Run 3, Epoch 46/50, Train Loss: 0.0089
2025-01-14 18:46:26,878 - INFO - Run 3, Epoch 47/50, Train Loss: 0.0088
2025-01-14 18:46:29,112 - INFO - Run 3, Epoch 48/50, Train Loss: 0.0088
2025-01-14 18:46:31,324 - INFO - Run 3, Epoch 49/50, Train Loss: 0.0088
2025-01-14 18:46:33,568 - INFO - Run 3, Epoch 50/50, Train Loss: 0.0088
2025-01-14 18:46:33,655 - INFO - Run 3, Test MSE: 0.0219, Test MAE: 0.1051
2025-01-14 18:46:33,655 - INFO - Starting run 4
2025-01-14 18:46:33,734 - INFO - Using device: cuda
2025-01-14 18:46:36,002 - INFO - Run 4, Epoch 1/50, Train Loss: 0.0804
2025-01-14 18:46:38,231 - INFO - Run 4, Epoch 2/50, Train Loss: 0.0267
2025-01-14 18:46:40,469 - INFO - Run 4, Epoch 3/50, Train Loss: 0.0206
2025-01-14 18:46:42,737 - INFO - Run 4, Epoch 4/50, Train Loss: 0.0181
2025-01-14 18:46:45,008 - INFO - Run 4, Epoch 5/50, Train Loss: 0.0171
2025-01-14 18:46:47,273 - INFO - Run 4, Epoch 6/50, Train Loss: 0.0158
2025-01-14 18:46:49,525 - INFO - Run 4, Epoch 7/50, Train Loss: 0.0150
2025-01-14 18:46:51,784 - INFO - Run 4, Epoch 8/50, Train Loss: 0.0143
2025-01-14 18:46:53,974 - INFO - Run 4, Epoch 9/50, Train Loss: 0.0136
2025-01-14 18:46:56,200 - INFO - Run 4, Epoch 10/50, Train Loss: 0.0133
2025-01-14 18:46:58,431 - INFO - Run 4, Epoch 11/50, Train Loss: 0.0126
2025-01-14 18:47:00,703 - INFO - Run 4, Epoch 12/50, Train Loss: 0.0122
2025-01-14 18:47:02,995 - INFO - Run 4, Epoch 13/50, Train Loss: 0.0120
2025-01-14 18:47:05,265 - INFO - Run 4, Epoch 14/50, Train Loss: 0.0119
2025-01-14 18:47:07,459 - INFO - Run 4, Epoch 15/50, Train Loss: 0.0115
2025-01-14 18:47:09,664 - INFO - Run 4, Epoch 16/50, Train Loss: 0.0112
2025-01-14 18:47:11,906 - INFO - Run 4, Epoch 17/50, Train Loss: 0.0111
2025-01-14 18:47:14,105 - INFO - Run 4, Epoch 18/50, Train Loss: 0.0108
2025-01-14 18:47:16,363 - INFO - Run 4, Epoch 19/50, Train Loss: 0.0109
2025-01-14 18:47:18,602 - INFO - Run 4, Epoch 20/50, Train Loss: 0.0107
2025-01-14 18:47:20,848 - INFO - Run 4, Epoch 21/50, Train Loss: 0.0107
2025-01-14 18:47:23,088 - INFO - Run 4, Epoch 22/50, Train Loss: 0.0105
2025-01-14 18:47:25,318 - INFO - Run 4, Epoch 23/50, Train Loss: 0.0103
2025-01-14 18:47:27,570 - INFO - Run 4, Epoch 24/50, Train Loss: 0.0101
2025-01-14 18:47:29,810 - INFO - Run 4, Epoch 25/50, Train Loss: 0.0102
2025-01-14 18:47:32,039 - INFO - Run 4, Epoch 26/50, Train Loss: 0.0099
2025-01-14 18:47:34,302 - INFO - Run 4, Epoch 27/50, Train Loss: 0.0099
2025-01-14 18:47:36,590 - INFO - Run 4, Epoch 28/50, Train Loss: 0.0099
2025-01-14 18:47:38,895 - INFO - Run 4, Epoch 29/50, Train Loss: 0.0099
2025-01-14 18:47:41,159 - INFO - Run 4, Epoch 30/50, Train Loss: 0.0099
2025-01-14 18:47:43,417 - INFO - Run 4, Epoch 31/50, Train Loss: 0.0098
2025-01-14 18:47:45,668 - INFO - Run 4, Epoch 32/50, Train Loss: 0.0098
2025-01-14 18:47:48,333 - INFO - Run 4, Epoch 33/50, Train Loss: 0.0097
2025-01-14 18:47:50,979 - INFO - Run 4, Epoch 34/50, Train Loss: 0.0096
2025-01-14 18:47:53,618 - INFO - Run 4, Epoch 35/50, Train Loss: 0.0096
2025-01-14 18:47:56,256 - INFO - Run 4, Epoch 36/50, Train Loss: 0.0096
2025-01-14 18:47:58,779 - INFO - Run 4, Epoch 37/50, Train Loss: 0.0096
2025-01-14 18:48:01,244 - INFO - Run 4, Epoch 38/50, Train Loss: 0.0095
2025-01-14 18:48:03,840 - INFO - Run 4, Epoch 39/50, Train Loss: 0.0094
2025-01-14 18:48:06,492 - INFO - Run 4, Epoch 40/50, Train Loss: 0.0094
2025-01-14 18:48:09,103 - INFO - Run 4, Epoch 41/50, Train Loss: 0.0093
2025-01-14 18:48:11,614 - INFO - Run 4, Epoch 42/50, Train Loss: 0.0093
2025-01-14 18:48:14,046 - INFO - Run 4, Epoch 43/50, Train Loss: 0.0092
2025-01-14 18:48:16,528 - INFO - Run 4, Epoch 44/50, Train Loss: 0.0092
2025-01-14 18:48:18,778 - INFO - Run 4, Epoch 45/50, Train Loss: 0.0093
2025-01-14 18:48:21,017 - INFO - Run 4, Epoch 46/50, Train Loss: 0.0092
2025-01-14 18:48:23,244 - INFO - Run 4, Epoch 47/50, Train Loss: 0.0092
2025-01-14 18:48:25,517 - INFO - Run 4, Epoch 48/50, Train Loss: 0.0092
2025-01-14 18:48:27,802 - INFO - Run 4, Epoch 49/50, Train Loss: 0.0092
2025-01-14 18:48:30,075 - INFO - Run 4, Epoch 50/50, Train Loss: 0.0092
2025-01-14 18:48:30,171 - INFO - Run 4, Test MSE: 0.0182, Test MAE: 0.0942
2025-01-14 18:48:30,171 - INFO - Starting run 5
2025-01-14 18:48:30,259 - INFO - Using device: cuda
2025-01-14 18:48:32,590 - INFO - Run 5, Epoch 1/50, Train Loss: 0.0732
2025-01-14 18:48:34,832 - INFO - Run 5, Epoch 2/50, Train Loss: 0.0255
2025-01-14 18:48:37,107 - INFO - Run 5, Epoch 3/50, Train Loss: 0.0196
2025-01-14 18:48:39,412 - INFO - Run 5, Epoch 4/50, Train Loss: 0.0169
2025-01-14 18:48:41,644 - INFO - Run 5, Epoch 5/50, Train Loss: 0.0154
2025-01-14 18:48:43,865 - INFO - Run 5, Epoch 6/50, Train Loss: 0.0142
2025-01-14 18:48:46,098 - INFO - Run 5, Epoch 7/50, Train Loss: 0.0135
2025-01-14 18:48:48,481 - INFO - Run 5, Epoch 8/50, Train Loss: 0.0131
2025-01-14 18:48:51,117 - INFO - Run 5, Epoch 9/50, Train Loss: 0.0128
2025-01-14 18:48:53,740 - INFO - Run 5, Epoch 10/50, Train Loss: 0.0124
2025-01-14 18:48:56,047 - INFO - Run 5, Epoch 11/50, Train Loss: 0.0121
2025-01-14 18:48:58,543 - INFO - Run 5, Epoch 12/50, Train Loss: 0.0118
2025-01-14 18:49:00,870 - INFO - Run 5, Epoch 13/50, Train Loss: 0.0115
2025-01-14 18:49:03,431 - INFO - Run 5, Epoch 14/50, Train Loss: 0.0112
2025-01-14 18:49:05,996 - INFO - Run 5, Epoch 15/50, Train Loss: 0.0110
2025-01-14 18:49:08,283 - INFO - Run 5, Epoch 16/50, Train Loss: 0.0107
2025-01-14 18:49:10,891 - INFO - Run 5, Epoch 17/50, Train Loss: 0.0106
2025-01-14 18:49:13,393 - INFO - Run 5, Epoch 18/50, Train Loss: 0.0105
2025-01-14 18:49:15,901 - INFO - Run 5, Epoch 19/50, Train Loss: 0.0103
2025-01-14 18:49:18,597 - INFO - Run 5, Epoch 20/50, Train Loss: 0.0102
2025-01-14 18:49:21,253 - INFO - Run 5, Epoch 21/50, Train Loss: 0.0101
2025-01-14 18:49:23,901 - INFO - Run 5, Epoch 22/50, Train Loss: 0.0100
2025-01-14 18:49:26,535 - INFO - Run 5, Epoch 23/50, Train Loss: 0.0099
2025-01-14 18:49:29,150 - INFO - Run 5, Epoch 24/50, Train Loss: 0.0098
2025-01-14 18:49:31,777 - INFO - Run 5, Epoch 25/50, Train Loss: 0.0097
2025-01-14 18:49:34,423 - INFO - Run 5, Epoch 26/50, Train Loss: 0.0097
2025-01-14 18:49:36,718 - INFO - Run 5, Epoch 27/50, Train Loss: 0.0097
2025-01-14 18:49:39,357 - INFO - Run 5, Epoch 28/50, Train Loss: 0.0097
2025-01-14 18:49:41,998 - INFO - Run 5, Epoch 29/50, Train Loss: 0.0096
2025-01-14 18:49:44,586 - INFO - Run 5, Epoch 30/50, Train Loss: 0.0095
2025-01-14 18:49:47,012 - INFO - Run 5, Epoch 31/50, Train Loss: 0.0095
2025-01-14 18:49:49,258 - INFO - Run 5, Epoch 32/50, Train Loss: 0.0095
2025-01-14 18:49:51,575 - INFO - Run 5, Epoch 33/50, Train Loss: 0.0095
2025-01-14 18:49:53,890 - INFO - Run 5, Epoch 34/50, Train Loss: 0.0094
2025-01-14 18:49:56,232 - INFO - Run 5, Epoch 35/50, Train Loss: 0.0093
2025-01-14 18:49:58,544 - INFO - Run 5, Epoch 36/50, Train Loss: 0.0093
2025-01-14 18:50:00,817 - INFO - Run 5, Epoch 37/50, Train Loss: 0.0093
2025-01-14 18:50:03,046 - INFO - Run 5, Epoch 38/50, Train Loss: 0.0093
2025-01-14 18:50:05,324 - INFO - Run 5, Epoch 39/50, Train Loss: 0.0092
2025-01-14 18:50:07,611 - INFO - Run 5, Epoch 40/50, Train Loss: 0.0091
2025-01-14 18:50:09,869 - INFO - Run 5, Epoch 41/50, Train Loss: 0.0092
2025-01-14 18:50:12,174 - INFO - Run 5, Epoch 42/50, Train Loss: 0.0091
2025-01-14 18:50:14,515 - INFO - Run 5, Epoch 43/50, Train Loss: 0.0091
2025-01-14 18:50:16,852 - INFO - Run 5, Epoch 44/50, Train Loss: 0.0091
2025-01-14 18:50:19,134 - INFO - Run 5, Epoch 45/50, Train Loss: 0.0090
2025-01-14 18:50:21,448 - INFO - Run 5, Epoch 46/50, Train Loss: 0.0091
2025-01-14 18:50:23,831 - INFO - Run 5, Epoch 47/50, Train Loss: 0.0091
2025-01-14 18:50:26,174 - INFO - Run 5, Epoch 48/50, Train Loss: 0.0090
2025-01-14 18:50:28,498 - INFO - Run 5, Epoch 49/50, Train Loss: 0.0090
2025-01-14 18:50:30,803 - INFO - Run 5, Epoch 50/50, Train Loss: 0.0089
2025-01-14 18:50:30,894 - INFO - Run 5, Test MSE: 0.0204, Test MAE: 0.1008
2025-01-14 18:50:30,908 - INFO - Final Results for Output Window 96:
2025-01-14 18:50:30,908 - INFO - MSE - Mean: 0.0201, Std: 0.0013
2025-01-14 18:50:30,908 - INFO - MAE - Mean: 0.0996, Std: 0.0037
