Training Log - LSTM (Output Window: 96)
Timestamp: 20250114_170217
--------------------------------------------------
Using device: cuda
Run 1, Epoch 1/50, Train Loss: 0.0168
Run 1, Epoch 2/50, Train Loss: 0.0103
Run 1, Epoch 3/50, Train Loss: 0.0081
Run 1, Epoch 4/50, Train Loss: 0.0070
Run 1, Epoch 5/50, Train Loss: 0.0064
Run 1, Epoch 6/50, Train Loss: 0.0061
Run 1, Epoch 7/50, Train Loss: 0.0058
Run 1, Epoch 8/50, Train Loss: 0.0056
Run 1, Epoch 9/50, Train Loss: 0.0054
Run 1, Epoch 10/50, Train Loss: 0.0053
Run 1, Epoch 11/50, Train Loss: 0.0051
Run 1, Epoch 12/50, Train Loss: 0.0050
Run 1, Epoch 13/50, Train Loss: 0.0049
Run 1, Epoch 14/50, Train Loss: 0.0048
Run 1, Epoch 15/50, Train Loss: 0.0046
Run 1, Epoch 16/50, Train Loss: 0.0045
Run 1, Epoch 17/50, Train Loss: 0.0044
Run 1, Epoch 18/50, Train Loss: 0.0043
Run 1, Epoch 19/50, Train Loss: 0.0041
Run 1, Epoch 20/50, Train Loss: 0.0040
Run 1, Epoch 21/50, Train Loss: 0.0039
Run 1, Epoch 22/50, Train Loss: 0.0038
Run 1, Epoch 23/50, Train Loss: 0.0040
