Training Log - LSTM (Output Window: 96)
Timestamp: 20250114_170103
--------------------------------------------------
Using device: cuda
Run 1, Epoch 1/50, Train Loss: 0.0163
Run 1, Epoch 2/50, Train Loss: 0.0101
Run 1, Epoch 3/50, Train Loss: 0.0079
Run 1, Epoch 4/50, Train Loss: 0.0068
Run 1, Epoch 5/50, Train Loss: 0.0063
Run 1, Epoch 6/50, Train Loss: 0.0060
Run 1, Epoch 7/50, Train Loss: 0.0057
Run 1, Epoch 8/50, Train Loss: 0.0055
Run 1, Epoch 9/50, Train Loss: 0.0053
Run 1, Epoch 10/50, Train Loss: 0.0052
Run 1, Epoch 11/50, Train Loss: 0.0051
Run 1, Epoch 12/50, Train Loss: 0.0050
Run 1, Epoch 13/50, Train Loss: 0.0049
Run 1, Epoch 14/50, Train Loss: 0.0048
Run 1, Epoch 15/50, Train Loss: 0.0047
Run 1, Epoch 16/50, Train Loss: 0.0045
Run 1, Epoch 17/50, Train Loss: 0.0044
Run 1, Epoch 18/50, Train Loss: 0.0043
Run 1, Epoch 19/50, Train Loss: 0.0042
Run 1, Epoch 20/50, Train Loss: 0.0040
Run 1, Epoch 21/50, Train Loss: 0.0039
Run 1, Epoch 22/50, Train Loss: 0.0039
Run 1, Epoch 23/50, Train Loss: 0.0036
Run 1, Epoch 24/50, Train Loss: 0.0036
Run 1, Epoch 25/50, Train Loss: 0.0036
Run 1, Epoch 26/50, Train Loss: 0.0034
Run 1, Epoch 27/50, Train Loss: 0.0033
Run 1, Epoch 28/50, Train Loss: 0.0032
Run 1, Epoch 29/50, Train Loss: 0.0032
Run 1, Epoch 30/50, Train Loss: 0.0032
Run 1, Epoch 31/50, Train Loss: 0.0030
Run 1, Epoch 32/50, Train Loss: 0.0028
Run 1, Epoch 33/50, Train Loss: 0.0028
Run 1, Epoch 34/50, Train Loss: 0.0027
Run 1, Epoch 35/50, Train Loss: 0.0027
Run 1, Epoch 36/50, Train Loss: 0.0025
Run 1, Epoch 37/50, Train Loss: 0.0029
Run 1, Epoch 38/50, Train Loss: 0.0024
Run 1, Epoch 39/50, Train Loss: 0.0023
Run 1, Epoch 40/50, Train Loss: 0.0023
Run 1, Epoch 41/50, Train Loss: 0.0021
Run 1, Epoch 42/50, Train Loss: 0.0022
Run 1, Epoch 43/50, Train Loss: 0.0020
Run 1, Epoch 44/50, Train Loss: 0.0020
Run 1, Epoch 45/50, Train Loss: 0.0023
Run 1, Epoch 46/50, Train Loss: 0.0019
Run 1, Epoch 47/50, Train Loss: 0.0020
Run 1, Epoch 48/50, Train Loss: 0.0019
Run 1, Epoch 49/50, Train Loss: 0.0018
